0 info it worked if it ends with ok
1 verbose cli [ '/home/pvasireddy/.nvm/versions/node/v6.9.5/bin/node',
1 verbose cli   '/home/pvasireddy/.nvm/versions/node/v6.9.5/bin/npm',
1 verbose cli   'start' ]
2 info using npm@3.10.10
3 info using node@v6.9.5
4 verbose run-script [ 'prestart', 'start', 'poststart' ]
5 info lifecycle experts@1.0.0~prestart: experts@1.0.0
6 silly lifecycle experts@1.0.0~prestart: no script for prestart, continuing
7 info lifecycle experts@1.0.0~start: experts@1.0.0
8 verbose lifecycle experts@1.0.0~start: unsafe-perm in lifecycle true
9 verbose lifecycle experts@1.0.0~start: PATH: /home/pvasireddy/.nvm/versions/node/v6.9.5/lib/node_modules/npm/bin/node-gyp-bin:/home/pvasireddy/building-with-js/server/node_modules/.bin:/home/pvasireddy/.nvm/versions/node/v6.9.5/bin:/home/pvasireddy/bin:/home/pvasireddy/.local/bin:/usr/local/sbin:/usr/local/bin:/usr/sbin:/usr/bin:/sbin:/bin:/usr/games:/usr/local/games:/snap/bin:/home/pvasireddy/.rvm/bin:/home/pvasireddy/.rvm/bin:/home/pvasireddy/.config/composer/vendor/bin:/home/pvasireddy/.go/bin
10 verbose lifecycle experts@1.0.0~start: CWD: /home/pvasireddy/building-with-js/server
11 silly lifecycle experts@1.0.0~start: Args: [ '-c', 'node index.js' ]
12 silly lifecycle experts@1.0.0~start: Returned: code: 7  signal: null
13 info lifecycle experts@1.0.0~start: Failed to exec start script
14 verbose stack Error: experts@1.0.0 start: `node index.js`
14 verbose stack Exit status 7
14 verbose stack     at EventEmitter.<anonymous> (/home/pvasireddy/.nvm/versions/node/v6.9.5/lib/node_modules/npm/lib/utils/lifecycle.js:255:16)
14 verbose stack     at emitTwo (events.js:106:13)
14 verbose stack     at EventEmitter.emit (events.js:191:7)
14 verbose stack     at ChildProcess.<anonymous> (/home/pvasireddy/.nvm/versions/node/v6.9.5/lib/node_modules/npm/lib/utils/spawn.js:40:14)
14 verbose stack     at emitTwo (events.js:106:13)
14 verbose stack     at ChildProcess.emit (events.js:191:7)
14 verbose stack     at maybeClose (internal/child_process.js:877:16)
14 verbose stack     at Process.ChildProcess._handle.onexit (internal/child_process.js:226:5)
15 verbose pkgid experts@1.0.0
16 verbose cwd /home/pvasireddy/building-with-js/server
17 error Linux 4.4.0-75-generic
18 error argv "/home/pvasireddy/.nvm/versions/node/v6.9.5/bin/node" "/home/pvasireddy/.nvm/versions/node/v6.9.5/bin/npm" "start"
19 error node v6.9.5
20 error npm  v3.10.10
21 error code ELIFECYCLE
22 error experts@1.0.0 start: `node index.js`
22 error Exit status 7
23 error Failed at the experts@1.0.0 start script 'node index.js'.
23 error Make sure you have the latest version of node.js and npm installed.
23 error If you do, this is most likely a problem with the experts package,
23 error not with npm itself.
23 error Tell the author that this fails on your system:
23 error     node index.js
23 error You can get information on how to open an issue for this project with:
23 error     npm bugs experts
23 error Or if that isn't available, you can get their info via:
23 error     npm owner ls experts
23 error There is likely additional logging output above.
24 verbose exit [ 1, true ]
